<?xml version="1.0" encoding="UTF-8"?>
<coverage generated="1521049772">
  <project timestamp="1521049772">
    <package name="Library\Support\Json">
      <file name="app/src/Json/JsonException.php">
        <class name="Library\Support\Json\JsonException" namespace="Library\Support\Json">
          <metrics complexity="4" methods="2" coveredmethods="0" conditionals="0" coveredconditionals="0" statements="10" coveredstatements="0" elements="12" coveredelements="0"/>
        </class>
        <line num="12" type="method" name="__construct" visibility="public" complexity="3" crap="12" count="0"/>
        <line num="14" type="stmt" count="0"/>
        <line num="15" type="stmt" count="0"/>
        <line num="17" type="stmt" count="0"/>
        <line num="19" type="stmt" count="0"/>
        <line num="21" type="method" name="__toString" visibility="public" complexity="1" crap="2" count="0"/>
        <line num="22" type="stmt" count="0"/>
        <line num="23" type="stmt" count="0"/>
        <line num="24" type="stmt" count="0"/>
        <line num="25" type="stmt" count="0"/>
        <line num="26" type="stmt" count="0"/>
        <line num="27" type="stmt" count="0"/>
        <metrics loc="28" ncloc="23" classes="1" methods="2" coveredmethods="2" conditionals="2" coveredconditionals="2" statements="10" coveredstatements="10" elements="12" coveredelements="12"/>
      </file>
    </package>
    <metrics files="13" loc="2253" ncloc="1796" classes="1" methods="2" coveredmethods="2" conditionals="2" coveredconditionals="2" statements="397" coveredstatements="390" elements="399" coveredelements="398"/>
  </project>
</coverage>
